<?xml version="1.0" encoding="UTF-8"?>
<testsuite name="com.levenshtein.helper.LevenshteinDistanceWithDynamicProgrammingTest" time="0.075" tests="9" errors="0" skipped="1" failures="0">
  <properties>
    <property name="java.runtime.name" value="Java(TM) SE Runtime Environment"/>
    <property name="sun.boot.library.path" value="/usr/lib/java/jdk1.8.0_31/jre/lib/amd64"/>
    <property name="java.vm.version" value="25.31-b07"/>
    <property name="user.country.format" value="BR"/>
    <property name="java.vm.vendor" value="Oracle Corporation"/>
    <property name="java.vendor.url" value="http://java.oracle.com/"/>
    <property name="path.separator" value=":"/>
    <property name="guice.disable.misplaced.annotation.check" value="true"/>
    <property name="java.vm.name" value="Java HotSpot(TM) 64-Bit Server VM"/>
    <property name="file.encoding.pkg" value="sun.io"/>
    <property name="user.country" value="US"/>
    <property name="sun.java.launcher" value="SUN_STANDARD"/>
    <property name="sun.os.patch.level" value="unknown"/>
    <property name="java.vm.specification.name" value="Java Virtual Machine Specification"/>
    <property name="user.dir" value="/home/tiago/dev/repositorio/levenshtein_distance/Levenshtein"/>
    <property name="java.runtime.version" value="1.8.0_31-b13"/>
    <property name="java.awt.graphicsenv" value="sun.awt.X11GraphicsEnvironment"/>
    <property name="java.endorsed.dirs" value="/usr/lib/java/jdk1.8.0_31/jre/lib/endorsed"/>
    <property name="os.arch" value="amd64"/>
    <property name="java.io.tmpdir" value="/tmp"/>
    <property name="line.separator" value="&#10;"/>
    <property name="java.vm.specification.vendor" value="Oracle Corporation"/>
    <property name="os.name" value="Linux"/>
    <property name="classworlds.conf" value="/home/tiago/dev/maven/apache-maven-3.2.5/bin/m2.conf"/>
    <property name="sun.jnu.encoding" value="UTF-8"/>
    <property name="java.library.path" value="/usr/java/packages/lib/amd64:/usr/lib64:/lib64:/lib:/usr/lib"/>
    <property name="java.specification.name" value="Java Platform API Specification"/>
    <property name="java.class.version" value="52.0"/>
    <property name="sun.management.compiler" value="HotSpot 64-Bit Tiered Compilers"/>
    <property name="os.version" value="4.15.0-20-generic"/>
    <property name="user.home" value="/home/tiago"/>
    <property name="user.timezone" value="America/Sao_Paulo"/>
    <property name="java.awt.printerjob" value="sun.print.PSPrinterJob"/>
    <property name="file.encoding" value="UTF-8"/>
    <property name="java.specification.version" value="1.8"/>
    <property name="user.name" value="tiago"/>
    <property name="java.class.path" value="/home/tiago/dev/maven/apache-maven-3.2.5/boot/plexus-classworlds-2.5.2.jar"/>
    <property name="java.vm.specification.version" value="1.8"/>
    <property name="sun.arch.data.model" value="64"/>
    <property name="java.home" value="/usr/lib/java/jdk1.8.0_31/jre"/>
    <property name="sun.java.command" value="org.codehaus.plexus.classworlds.launcher.Launcher clean package"/>
    <property name="java.specification.vendor" value="Oracle Corporation"/>
    <property name="user.language" value="en"/>
    <property name="user.language.format" value="pt"/>
    <property name="awt.toolkit" value="sun.awt.X11.XToolkit"/>
    <property name="java.vm.info" value="mixed mode"/>
    <property name="java.version" value="1.8.0_31"/>
    <property name="java.ext.dirs" value="/usr/lib/java/jdk1.8.0_31/jre/lib/ext:/usr/java/packages/lib/ext"/>
    <property name="securerandom.source" value="file:/dev/./urandom"/>
    <property name="sun.boot.class.path" value="/usr/lib/java/jdk1.8.0_31/jre/lib/resources.jar:/usr/lib/java/jdk1.8.0_31/jre/lib/rt.jar:/usr/lib/java/jdk1.8.0_31/jre/lib/sunrsasign.jar:/usr/lib/java/jdk1.8.0_31/jre/lib/jsse.jar:/usr/lib/java/jdk1.8.0_31/jre/lib/jce.jar:/usr/lib/java/jdk1.8.0_31/jre/lib/charsets.jar:/usr/lib/java/jdk1.8.0_31/jre/lib/jfr.jar:/usr/lib/java/jdk1.8.0_31/jre/classes"/>
    <property name="java.vendor" value="Oracle Corporation"/>
    <property name="maven.home" value="/home/tiago/dev/maven/apache-maven-3.2.5"/>
    <property name="file.separator" value="/"/>
    <property name="java.vendor.url.bug" value="http://bugreport.sun.com/bugreport/"/>
    <property name="sun.cpu.endian" value="little"/>
    <property name="sun.io.unicode.encoding" value="UnicodeLittle"/>
    <property name="sun.desktop" value="gnome"/>
    <property name="sun.cpu.isalist" value=""/>
  </properties>
  <testcase name="testingEmptyStrings" classname="com.levenshtein.helper.LevenshteinDistanceWithDynamicProgrammingTest" time="0"/>
  <testcase name="testingAccent" classname="com.levenshtein.helper.LevenshteinDistanceWithDynamicProgrammingTest" time="0.013"/>
  <testcase name="testingEmptyAndNullStrings" classname="com.levenshtein.helper.LevenshteinDistanceWithDynamicProgrammingTest" time="0"/>
  <testcase name="testingSpaces" classname="com.levenshtein.helper.LevenshteinDistanceWithDynamicProgrammingTest" time="0.001"/>
  <testcase name="testingCaseSensitive" classname="com.levenshtein.helper.LevenshteinDistanceWithDynamicProgrammingTest" time="0.002"/>
  <testcase name="testingLargeWords" classname="com.levenshtein.helper.LevenshteinDistanceWithDynamicProgrammingTest" time="0.057"/>
  <testcase name="testingWithSuccess" classname="com.levenshtein.helper.LevenshteinDistanceWithDynamicProgrammingTest" time="0.002"/>
  <testcase name="loadTest" classname="com.levenshtein.helper.LevenshteinDistanceWithDynamicProgrammingTest" time="0">
    <skipped/>
  </testcase>
  <testcase name="testingNullStrings" classname="com.levenshtein.helper.LevenshteinDistanceWithDynamicProgrammingTest" time="0"/>
</testsuite>